<?xml version="1.0" encoding="UTF-8"?>
<!-- Generated by org.testng.reporters.JUnitReportReporter -->
<testsuite hostname="DESKTOP-QQIDDI2" failures="0" tests="3" name="priority.priorityTestNg" time="16.923" errors="0" timestamp="2021-09-05T20:06:55 IST" skipped="0">
  <testcase classname="priority.priorityTestNg" name="test" time="3.727"/>
  <system-out/>
  <testcase classname="priority.priorityTestNg" name="launchGoogle" time="4.282"/>
  <system-out/>
  <testcase classname="priority.priorityTestNg" name="peformSeachAndClick1stLink" time="8.914"/>
  <system-out/>
</testsuite> <!-- priority.priorityTestNg -->
